-------------------------------------------------------------------------------
Test set: net.Shubhadeep.journalApp.service.RedisTests
-------------------------------------------------------------------------------
Tests run: 1, Failures: 0, Errors: 1, Skipped: 0, Time elapsed: 15.947 s <<< FAILURE! - in net.Shubhadeep.journalApp.service.RedisTests
testSendMail  Time elapsed: 0 s  <<< ERROR!
java.lang.IllegalStateException: Failed to load ApplicationContext
Caused by: org.springframework.beans.factory.UnsatisfiedDependencyException: Error creating bean with name 'appCache': Unsatisfied dependency expressed through field 'configJournalAppRepository'; nested exception is org.springframework.beans.factory.BeanCreationException: Error creating bean with name 'configJournalAppRepository' defined in net.Shubhadeep.journalApp.repository.ConfigJournalAppRepository defined in @EnableMongoRepositories declared on MongoRepositoriesRegistrar.EnableMongoRepositoriesConfiguration: Cannot resolve reference to bean 'mongoTemplate' while setting bean property 'mongoOperations'; nested exception is org.springframework.beans.factory.BeanCreationException: Error creating bean with name 'mongoTemplate' defined in class path resource [org/springframework/boot/autoconfigure/data/mongo/MongoDatabaseFactoryDependentConfiguration.class]: Bean instantiation via factory method failed; nested exception is org.springframework.beans.BeanInstantiationException: Failed to instantiate [org.springframework.data.mongodb.core.MongoTemplate]: Factory method 'mongoTemplate' threw exception; nested exception is org.springframework.dao.DataAccessResourceFailureException: Exception sending message; nested exception is com.mongodb.MongoSocketWriteException: Exception sending message
Caused by: org.springframework.beans.factory.BeanCreationException: Error creating bean with name 'configJournalAppRepository' defined in net.Shubhadeep.journalApp.repository.ConfigJournalAppRepository defined in @EnableMongoRepositories declared on MongoRepositoriesRegistrar.EnableMongoRepositoriesConfiguration: Cannot resolve reference to bean 'mongoTemplate' while setting bean property 'mongoOperations'; nested exception is org.springframework.beans.factory.BeanCreationException: Error creating bean with name 'mongoTemplate' defined in class path resource [org/springframework/boot/autoconfigure/data/mongo/MongoDatabaseFactoryDependentConfiguration.class]: Bean instantiation via factory method failed; nested exception is org.springframework.beans.BeanInstantiationException: Failed to instantiate [org.springframework.data.mongodb.core.MongoTemplate]: Factory method 'mongoTemplate' threw exception; nested exception is org.springframework.dao.DataAccessResourceFailureException: Exception sending message; nested exception is com.mongodb.MongoSocketWriteException: Exception sending message
Caused by: org.springframework.beans.factory.BeanCreationException: Error creating bean with name 'mongoTemplate' defined in class path resource [org/springframework/boot/autoconfigure/data/mongo/MongoDatabaseFactoryDependentConfiguration.class]: Bean instantiation via factory method failed; nested exception is org.springframework.beans.BeanInstantiationException: Failed to instantiate [org.springframework.data.mongodb.core.MongoTemplate]: Factory method 'mongoTemplate' threw exception; nested exception is org.springframework.dao.DataAccessResourceFailureException: Exception sending message; nested exception is com.mongodb.MongoSocketWriteException: Exception sending message
Caused by: org.springframework.beans.BeanInstantiationException: Failed to instantiate [org.springframework.data.mongodb.core.MongoTemplate]: Factory method 'mongoTemplate' threw exception; nested exception is org.springframework.dao.DataAccessResourceFailureException: Exception sending message; nested exception is com.mongodb.MongoSocketWriteException: Exception sending message
Caused by: org.springframework.dao.DataAccessResourceFailureException: Exception sending message; nested exception is com.mongodb.MongoSocketWriteException: Exception sending message
Caused by: com.mongodb.MongoSocketWriteException: Exception sending message
Caused by: javax.net.ssl.SSLException: Received fatal alert: internal_error

